[debug] [2023-01-28T22:41:38.230Z] ----------------------------------------------------------------------
[debug] [2023-01-28T22:41:38.231Z] Command:       /opt/homebrew/Cellar/node/18.11.0/bin/node /opt/homebrew/bin/firebase init
[debug] [2023-01-28T22:41:38.231Z] CLI Version:   11.21.0
[debug] [2023-01-28T22:41:38.231Z] Platform:      darwin
[debug] [2023-01-28T22:41:38.231Z] Node Version:  v18.11.0
[debug] [2023-01-28T22:41:38.232Z] Time:          Sat Jan 28 2023 14:41:38 GMT-0800 (Pacific Standard Time)
[debug] [2023-01-28T22:41:38.232Z] ----------------------------------------------------------------------
[debug] 
[debug] [2023-01-28T22:41:38.233Z] >>> [apiv2][query] GET https://firebase-public.firebaseio.com/cli.json [none]
[debug] [2023-01-28T22:41:38.243Z] > command requires scopes: ["email","openid","https://www.googleapis.com/auth/cloudplatformprojects.readonly","https://www.googleapis.com/auth/firebase","https://www.googleapis.com/auth/cloud-platform"]
[debug] [2023-01-28T22:41:38.243Z] > authorizing via signed-in user (machadao1407@gmail.com)
[info] 
     ######## #### ########  ######## ########     ###     ######  ########
     ##        ##  ##     ## ##       ##     ##  ##   ##  ##       ##
     ######    ##  ########  ######   ########  #########  ######  ######
     ##        ##  ##    ##  ##       ##     ## ##     ##       ## ##
     ##       #### ##     ## ######## ########  ##     ##  ######  ########

You're about to initialize a Firebase project in this directory:

  /Users/pedrotech/Documents/YoutubeProjects/firebase-course

[debug] [2023-01-28T22:41:38.383Z] <<< [apiv2][status] GET https://firebase-public.firebaseio.com/cli.json 200
[debug] [2023-01-28T22:41:38.384Z] <<< [apiv2][body] GET https://firebase-public.firebaseio.com/cli.json {"cloudBuildErrorAfter":1594252800000,"cloudBuildWarnAfter":1590019200000,"defaultNode10After":1594252800000,"minVersion":"3.0.5","node8DeploysDisabledAfter":1613390400000,"node8RuntimeDisabledAfter":1615809600000,"node8WarnAfter":1600128000000}
[info] 
=== Project Setup
[info] 
[info] First, let's associate this project directory with a Firebase project.
[info] You can create multiple project aliases by running firebase use --add, 
[info] but for now we'll just set up a default project.
[info] 
[debug] [2023-01-28T22:44:07.978Z] > refreshing access token with scopes: []
[debug] [2023-01-28T22:44:07.979Z] >>> [apiv2][query] POST https://www.googleapis.com/oauth2/v3/token [none]
[debug] [2023-01-28T22:44:07.979Z] >>> [apiv2][body] POST https://www.googleapis.com/oauth2/v3/token [omitted]
[debug] [2023-01-28T22:44:08.187Z] <<< [apiv2][status] POST https://www.googleapis.com/oauth2/v3/token 200
[debug] [2023-01-28T22:44:08.187Z] <<< [apiv2][body] POST https://www.googleapis.com/oauth2/v3/token [omitted]
[debug] [2023-01-28T22:44:08.237Z] >>> [apiv2][query] GET https://firebase.googleapis.com/v1beta1/projects pageSize=100
[debug] [2023-01-28T22:44:08.572Z] <<< [apiv2][status] GET https://firebase.googleapis.com/v1beta1/projects 200
[debug] [2023-01-28T22:44:08.572Z] <<< [apiv2][body] GET https://firebase.googleapis.com/v1beta1/projects [omitted]
[info] i  Using project fir-course-beba9 (firebase-course) 
[info] 
=== Hosting Setup
[info] 
[info] Your public directory is the folder (relative to your project directory) that
[info] will contain Hosting assets to be uploaded with firebase deploy. If you
[info] have a build process for your assets, use your build's output directory.
[info] 
[info] ✔  Wrote public/404.html 
[debug] [2023-01-28T22:47:23.392Z] >>> [apiv2][query] GET https://www.gstatic.com/firebasejs/releases.json [none]
[debug] [2023-01-28T22:47:23.554Z] <<< [apiv2][status] GET https://www.gstatic.com/firebasejs/releases.json 200
[debug] [2023-01-28T22:47:23.555Z] <<< [apiv2][body] GET https://www.gstatic.com/firebasejs/releases.json {"current":{"version":"9.16.0","browserURL":"https://www.gstatic.com/firebasejs/9.16.0/firebase.js","packageURL":"https://www.gstatic.com/firebasejs/9.16.0/firebase.tgz"},"live":{"version":"9.16","browserURL":"https://www.gstatic.com/firebasejs/live/9.16/firebase.js","packageURL":"https://www.gstatic.com/firebasejs/live/9.16/firebase.tgz"},"components":{"analytics":"https://www.gstatic.com/firebasejs/9.16.0/firebase-analytics.js","app":"https://www.gstatic.com/firebasejs/9.16.0/firebase-app.js","app-check":"https://www.gstatic.com/firebasejs/9.16.0/firebase-app-check.js","auth":"https://www.gstatic.com/firebasejs/9.16.0/firebase-auth.js","auth/cordova":"https://www.gstatic.com/firebasejs/9.16.0/firebase-auth/cordova.js","auth/react-native":"https://www.gstatic.com/firebasejs/9.16.0/firebase-auth/react-native.js","functions":"https://www.gstatic.com/firebasejs/9.16.0/firebase-functions.js","firestore":"https://www.gstatic.com/firebasejs/9.16.0/firebase-firestore.js","firestore/lite":"https://www.gstatic.com/firebasejs/9.16.0/firebase-firestore/lite.js","installations":"https://www.gstatic.com/firebasejs/9.16.0/firebase-installations.js","storage":"https://www.gstatic.com/firebasejs/9.16.0/firebase-storage.js","performance":"https://www.gstatic.com/firebasejs/9.16.0/firebase-performance.js","remote-config":"https://www.gstatic.com/firebasejs/9.16.0/firebase-remote-config.js","messaging":"https://www.gstatic.com/firebasejs/9.16.0/firebase-messaging.js","messaging/sw":"https://www.gstatic.com/firebasejs/9.16.0/firebase-messaging/sw.js","database":"https://www.gstatic.com/firebasejs/9.16.0/firebase-database.js","firestore.memory":"https://www.gstatic.com/firebasejs/9.16.0/firebase-firestore.memory.js"}}
[info] i  Skipping write of public/index.html 
[info] 
[info] i  Detected a .git folder at /Users/pedrotech/Documents/YoutubeProjects/firebase-course 
[info] i  Authorizing with GitHub to upload your service account to a GitHub repository's secrets store. 
[info] 
[info] Visit this URL on this device to log in:
[info] https://github.com/login/oauth/authorize?client_id=89cf50f02ac6aaed3484&state=68767238&redirect_uri=http%3A%2F%2Flocalhost%3A9005&scope=read%3Auser%20repo%20public_repo
[info] 
[info] Waiting for authentication...
[debug] [2023-01-28T22:47:34.241Z] >>> [apiv2][query] POST https://github.com/login/oauth/access_token [none]
[debug] [2023-01-28T22:47:34.241Z] >>> [apiv2][body] POST https://github.com/login/oauth/access_token [stream]
[debug] [2023-01-28T22:47:35.044Z] <<< [apiv2][status] POST https://github.com/login/oauth/access_token 200
[debug] [2023-01-28T22:47:35.045Z] <<< [apiv2][body] POST https://github.com/login/oauth/access_token {"access_token":"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","token_type":"bearer","scope":"read:user,repo"}
[debug] [2023-01-28T22:47:35.061Z] >>> [apiv2][query] GET https://api.github.com/user [none]
[debug] [2023-01-28T22:47:35.481Z] <<< [apiv2][status] GET https://api.github.com/user 200
[debug] [2023-01-28T22:47:35.482Z] <<< [apiv2][body] GET https://api.github.com/user {"login":"machadop1407","id":63262246,"node_id":"MDQ6VXNlcjYzMjYyMjQ2","avatar_url":"https://avatars.githubusercontent.com/u/63262246?v=4","gravatar_id":"","url":"https://api.github.com/users/machadop1407","html_url":"https://github.com/machadop1407","followers_url":"https://api.github.com/users/machadop1407/followers","following_url":"https://api.github.com/users/machadop1407/following{/other_user}","gists_url":"https://api.github.com/users/machadop1407/gists{/gist_id}","starred_url":"https://api.github.com/users/machadop1407/starred{/owner}{/repo}","subscriptions_url":"https://api.github.com/users/machadop1407/subscriptions","organizations_url":"https://api.github.com/users/machadop1407/orgs","repos_url":"https://api.github.com/users/machadop1407/repos","events_url":"https://api.github.com/users/machadop1407/events{/privacy}","received_events_url":"https://api.github.com/users/machadop1407/received_events","type":"User","site_admin":false,"name":"Pedro Henrique Machado","company":null,"blog":"","location":"Vancouver, British Columbia, Canada","email":null,"hireable":null,"bio":null,"twitter_username":null,"public_repos":89,"public_gists":0,"followers":4055,"following":10,"created_at":"2020-04-06T20:08:15Z","updated_at":"2023-01-22T20:05:43Z","private_gists":0,"total_private_repos":8,"owned_private_repos":8,"disk_usage":432298,"collaborators":2,"two_factor_authentication":true,"plan":{"name":"free","space":976562499,"collaborators":0,"private_repos":10000}}
[info] 
[info] ✔  Success! Logged into GitHub as machadop1407 
[info] 
